[  0%] Built target std_msgs_generate_messages_cpp
[  0%] Built target _hrwros_gazebo_generate_messages_check_deps_Proximity
[  0%] Built target _hrwros_gazebo_generate_messages_check_deps_VacuumGripperState
[  0%] Built target _hrwros_gazebo_generate_messages_check_deps_Model
[  0%] Built target geometry_msgs_generate_messages_cpp
[  3%] Built target SideContactPlugin
[  3%] Built target std_msgs_generate_messages_py
[  3%] Built target _hrwros_gazebo_generate_messages_check_deps_LogicalCameraImage
[  3%] Built target _hrwros_gazebo_generate_messages_check_deps_ConveyorBeltState
[  3%] Built target _hrwros_gazebo_generate_messages_check_deps_VacuumGripperControl
[  3%] Built target geometry_msgs_generate_messages_py
[  3%] Built target geometry_msgs_generate_messages_eus
[  3%] Built target std_msgs_generate_messages_eus
[  3%] Built target _hrwros_gazebo_generate_messages_check_deps_ConveyorBeltControl
[  3%] Built target geometry_msgs_generate_messages_lisp
[  3%] Built target std_msgs_generate_messages_lisp
[  3%] Built target std_msgs_generate_messages_nodejs
[  3%] Built target geometry_msgs_generate_messages_nodejs
[  6%] Built target urdf_creator
[  9%] Built target ProximityRayPlugin
[ 20%] Built target hrwros_gazebo_generate_messages_cpp
[ 23%] Built target VacuumGripperPlugin
[ 26%] Built target ObjectDisposalPlugin
[ 40%] Built target hrwros_gazebo_generate_messages_py
[ 53%] Built target hrwros_gazebo_generate_messages_eus
[ 56%] Built target ConveyorBeltPlugin
[ 67%] Built target hrwros_gazebo_generate_messages_lisp
[ 78%] Built target hrwros_gazebo_generate_messages_nodejs
[ 81%] Built target urdf_creator_test_node
[ 84%] Built target conveyor_spawner
[ 84%] Built target hrwros_gazebo_generate_messages
[ 87%] Built target ROSLogicalCameraPlugin
[ 90%] Built target ROSConveyorBeltPlugin
[ 93%] Built target ROSVacuumGripperPlugin
[ 96%] Built target ROSProximityRayPlugin
[100%] Built target conveyor_spawner_node
